This file contains any messages produced by compilers while
running configure, to aid debugging if configure makes a mistake.

It was created by XMLStarlet configure 1.6.1, which was
generated by GNU Autoconf 2.69.  Invocation command line was

  $ configure --prefix=/usr

## --------- ##
## Platform. ##
## --------- ##

hostname = hitchcock
uname -m = x86_64
uname -r = 5.0.0-32-generic
uname -s = Linux
uname -v = #34-Ubuntu SMP Wed Oct 2 02:06:48 UTC 2019

/usr/bin/uname -p = unknown
/bin/uname -X     = unknown

/bin/arch              = unknown
/usr/bin/arch -k       = unknown
/usr/convex/getsysinfo = unknown
/usr/bin/hostinfo      = unknown
/bin/machine           = unknown
/usr/bin/oslevel       = unknown
/bin/universe          = unknown

PATH: /home/dimitern/anaconda3/bin
PATH: /home/dimitern/.local/bin
PATH: /home/dimitern/.pyenv/plugins/pyenv-virtualenv/shims
PATH: /home/dimitern/.pyenv/shims
PATH: /home/dimitern/.pyenv/bin
PATH: /home/dimitern/.nvm/versions/node/v10.9.0/bin
PATH: /usr/local/cuda-9.2/bin
PATH: /usr/local/go/bin
PATH: /home/dimitern/work/go/bin
PATH: /home/dimitern/.cargo/bin
PATH: /home/dimitern/.cargo/bin
PATH: /home/dimitern/work/bin
PATH: /home/dimitern/.local/bin
PATH: /bin
PATH: /home/dimitern/work/go/bin
PATH: /home/dimitern/.cask/bin
PATH: /usr/local/sbin
PATH: /usr/local/bin
PATH: /usr/sbin
PATH: /usr/bin
PATH: /sbin
PATH: /bin
PATH: /usr/games
PATH: /usr/local/games
PATH: /snap/bin
PATH: /home/dimitern/.rvm/bin
PATH: /home/dimitern/.rvm/bin


## ----------- ##
## Core tests. ##
## ----------- ##

configure:2439: checking for a BSD-compatible install
configure:2507: result: /usr/bin/install -c
configure:2518: checking whether build environment is sane
configure:2573: result: yes
configure:2722: checking for a thread-safe mkdir -p
configure:2761: result: /bin/mkdir -p
configure:2768: checking for gawk
configure:2784: found /usr/bin/gawk
configure:2795: result: gawk
configure:2806: checking whether make sets $(MAKE)
configure:2828: result: yes
configure:2857: checking whether make supports nested variables
configure:2874: result: yes
configure:3001: checking whether make supports nested variables
configure:3018: result: yes
configure:3030: checking whether to enable maintainer-specific portions of Makefiles
configure:3039: result: no
configure:3160: checking build system type
configure:3174: result: x86_64-unknown-linux-gnu
configure:3194: checking host system type
configure:3207: result: x86_64-unknown-linux-gnu
configure:3275: checking for gcc
configure:3291: found /usr/bin/gcc
configure:3302: result: gcc
configure:3531: checking for C compiler version
configure:3540: gcc --version >&5
gcc (Ubuntu 8.3.0-6ubuntu1) 8.3.0
Copyright (C) 2018 Free Software Foundation, Inc.
This is free software; see the source for copying conditions.  There is NO
warranty; not even for MERCHANTABILITY or FITNESS FOR A PARTICULAR PURPOSE.

configure:3551: $? = 0
configure:3540: gcc -v >&5
Using built-in specs.
COLLECT_GCC=gcc
COLLECT_LTO_WRAPPER=/usr/lib/gcc/x86_64-linux-gnu/8/lto-wrapper
OFFLOAD_TARGET_NAMES=nvptx-none
OFFLOAD_TARGET_DEFAULT=1
Target: x86_64-linux-gnu
Configured with: ../src/configure -v --with-pkgversion='Ubuntu 8.3.0-6ubuntu1' --with-bugurl=file:///usr/share/doc/gcc-8/README.Bugs --enable-languages=c,ada,c++,go,brig,d,fortran,objc,obj-c++ --prefix=/usr --with-gcc-major-version-only --program-suffix=-8 --program-prefix=x86_64-linux-gnu- --enable-shared --enable-linker-build-id --libexecdir=/usr/lib --without-included-gettext --enable-threads=posix --libdir=/usr/lib --enable-nls --enable-bootstrap --enable-clocale=gnu --enable-libstdcxx-debug --enable-libstdcxx-time=yes --with-default-libstdcxx-abi=new --enable-gnu-unique-object --disable-vtable-verify --enable-libmpx --enable-plugin --enable-default-pie --with-system-zlib --with-target-system-zlib --enable-objc-gc=auto --enable-multiarch --disable-werror --with-arch-32=i686 --with-abi=m64 --with-multilib-list=m32,m64,mx32 --enable-multilib --with-tune=generic --enable-offload-targets=nvptx-none --without-cuda-driver --enable-checking=release --build=x86_64-linux-gnu --host=x86_64-linux-gnu --target=x86_64-linux-gnu
Thread model: posix
gcc version 8.3.0 (Ubuntu 8.3.0-6ubuntu1) 
configure:3551: $? = 0
configure:3540: gcc -V >&5
gcc: error: unrecognized command line option '-V'
gcc: fatal error: no input files
compilation terminated.
configure:3551: $? = 1
configure:3540: gcc -qversion >&5
gcc: error: unrecognized command line option '-qversion'; did you mean '--version'?
gcc: fatal error: no input files
compilation terminated.
configure:3551: $? = 1
configure:3571: checking whether the C compiler works
configure:3593: gcc    conftest.c  >&5
configure:3597: $? = 0
configure:3645: result: yes
configure:3648: checking for C compiler default output file name
configure:3650: result: a.out
configure:3656: checking for suffix of executables
configure:3663: gcc -o conftest    conftest.c  >&5
configure:3667: $? = 0
configure:3689: result: 
configure:3711: checking whether we are cross compiling
configure:3719: gcc -o conftest    conftest.c  >&5
configure:3723: $? = 0
configure:3730: ./conftest
configure:3734: $? = 0
configure:3722: result: no
configure:3727: checking for suffix of object files
configure:3749: gcc -c   conftest.c >&5
configure:3753: $? = 0
configure:3774: result: o
configure:3778: checking whether we are using the GNU C compiler
configure:3797: gcc -c   conftest.c >&5
configure:3797: $? = 0
configure:3806: result: yes
configure:3815: checking whether gcc accepts -g
configure:3835: gcc -c -g  conftest.c >&5
configure:3835: $? = 0
configure:3876: result: yes
configure:3893: checking for gcc option to accept ISO C89
configure:3956: gcc  -c -g -O2  conftest.c >&5
configure:3956: $? = 0
configure:3969: result: none needed
configure:3994: checking whether gcc understands -c and -o together
configure:4016: gcc -c conftest.c -o conftest2.o
configure:4019: $? = 0
configure:4016: gcc -c conftest.c -o conftest2.o
configure:4019: $? = 0
configure:4031: result: yes
configure:4059: checking for style of include used by make
configure:4087: result: GNU
configure:4113: checking dependency style of gcc
configure:4224: result: gcc3
configure:4251: checking for a sed that does not truncate output
configure:4315: result: /bin/sed
configure:4324: checking for gawk
configure:4351: result: gawk
configure:4374: checking for xml2-config
configure:4392: found /usr/bin/xml2-config
configure:4404: result: /usr/bin/xml2-config
configure:4433: using libxml-2.9.4
configure:4515: checking for xslt-config
configure:4533: found /usr/bin/xslt-config
configure:4545: result: /usr/bin/xslt-config
configure:4574: using libxslt-1.1.32
configure:4848: checking how to run the C preprocessor
configure:4879: gcc -E  conftest.c
configure:4879: $? = 0
configure:4893: gcc -E  conftest.c
conftest.c:10:10: fatal error: ac_nonexistent.h: No such file or directory
 #include <ac_nonexistent.h>
          ^~~~~~~~~~~~~~~~~~
compilation terminated.
configure:4893: $? = 1
configure: failed program was:
| /* confdefs.h */
| #define PACKAGE_NAME "XMLStarlet"
| #define PACKAGE_TARNAME "xmlstarlet"
| #define PACKAGE_VERSION "1.6.1"
| #define PACKAGE_STRING "XMLStarlet 1.6.1"
| #define PACKAGE_BUGREPORT "http://sourceforge.net/projects/xmlstar/support"
| #define PACKAGE_URL "http://xmlstar.sourceforge.net/"
| #define _XOPEN_SOURCE 500
| /* end confdefs.h.  */
| #include <ac_nonexistent.h>
configure:4918: result: gcc -E
configure:4938: gcc -E  conftest.c
configure:4938: $? = 0
configure:4952: gcc -E  conftest.c
conftest.c:10:10: fatal error: ac_nonexistent.h: No such file or directory
 #include <ac_nonexistent.h>
          ^~~~~~~~~~~~~~~~~~
compilation terminated.
configure:4952: $? = 1
configure: failed program was:
| /* confdefs.h */
| #define PACKAGE_NAME "XMLStarlet"
| #define PACKAGE_TARNAME "xmlstarlet"
| #define PACKAGE_VERSION "1.6.1"
| #define PACKAGE_STRING "XMLStarlet 1.6.1"
| #define PACKAGE_BUGREPORT "http://sourceforge.net/projects/xmlstar/support"
| #define PACKAGE_URL "http://xmlstar.sourceforge.net/"
| #define _XOPEN_SOURCE 500
| /* end confdefs.h.  */
| #include <ac_nonexistent.h>
configure:4981: checking for grep that handles long lines and -e
configure:5039: result: /bin/grep
configure:5044: checking for egrep
configure:5106: result: /bin/grep -E
configure:5111: checking for ANSI C header files
configure:5131: gcc -c -ansi -g -O2  conftest.c >&5
configure:5131: $? = 0
configure:5204: gcc -o conftest -ansi -g -O2   conftest.c  >&5
configure:5204: $? = 0
configure:5204: ./conftest
configure:5204: $? = 0
configure:5215: result: yes
configure:5228: checking for sys/types.h
configure:5228: gcc -c -ansi -g -O2  conftest.c >&5
configure:5228: $? = 0
configure:5228: result: yes
configure:5228: checking for sys/stat.h
configure:5228: gcc -c -ansi -g -O2  conftest.c >&5
configure:5228: $? = 0
configure:5228: result: yes
configure:5228: checking for stdlib.h
configure:5228: gcc -c -ansi -g -O2  conftest.c >&5
configure:5228: $? = 0
configure:5228: result: yes
configure:5228: checking for string.h
configure:5228: gcc -c -ansi -g -O2  conftest.c >&5
configure:5228: $? = 0
configure:5228: result: yes
configure:5228: checking for memory.h
configure:5228: gcc -c -ansi -g -O2  conftest.c >&5
configure:5228: $? = 0
configure:5228: result: yes
configure:5228: checking for strings.h
configure:5228: gcc -c -ansi -g -O2  conftest.c >&5
configure:5228: $? = 0
configure:5228: result: yes
configure:5228: checking for inttypes.h
configure:5228: gcc -c -ansi -g -O2  conftest.c >&5
configure:5228: $? = 0
configure:5228: result: yes
configure:5228: checking for stdint.h
configure:5228: gcc -c -ansi -g -O2  conftest.c >&5
configure:5228: $? = 0
configure:5228: result: yes
configure:5228: checking for unistd.h
configure:5228: gcc -c -ansi -g -O2  conftest.c >&5
configure:5228: $? = 0
configure:5228: result: yes
configure:5240: checking whether lstat correctly handles trailing slash
configure:5266: gcc -o conftest -ansi -g -O2   conftest.c  >&5
configure:5266: $? = 0
configure:5266: ./conftest
configure:5266: $? = 0
configure:5283: result: yes
configure:5304: checking for stdlib.h
configure:5304: result: yes
configure:5314: checking for GNU libc compatible malloc
configure:5338: gcc -o conftest -ansi -g -O2   conftest.c  >&5
configure:5338: $? = 0
configure:5338: ./conftest
configure:5338: $? = 0
configure:5348: result: yes
configure:5371: checking for stdlib.h
configure:5371: result: yes
configure:5381: checking for GNU libc compatible realloc
configure:5405: gcc -o conftest -ansi -g -O2   conftest.c  >&5
configure:5405: $? = 0
configure:5405: ./conftest
configure:5405: $? = 0
configure:5415: result: yes
configure:5436: checking for mode_t
configure:5436: gcc -c -ansi -g -O2  conftest.c >&5
configure:5436: $? = 0
configure:5436: gcc -c -ansi -g -O2  conftest.c >&5
conftest.c: In function 'main':
conftest.c:61:21: error: expected expression before ')' token
 if (sizeof ((mode_t)))
                     ^
configure:5436: $? = 1
configure: failed program was:
| /* confdefs.h */
| #define PACKAGE_NAME "XMLStarlet"
| #define PACKAGE_TARNAME "xmlstarlet"
| #define PACKAGE_VERSION "1.6.1"
| #define PACKAGE_STRING "XMLStarlet 1.6.1"
| #define PACKAGE_BUGREPORT "http://sourceforge.net/projects/xmlstar/support"
| #define PACKAGE_URL "http://xmlstar.sourceforge.net/"
| #define _XOPEN_SOURCE 500
| #define STDC_HEADERS 1
| #define HAVE_SYS_TYPES_H 1
| #define HAVE_SYS_STAT_H 1
| #define HAVE_STDLIB_H 1
| #define HAVE_STRING_H 1
| #define HAVE_MEMORY_H 1
| #define HAVE_STRINGS_H 1
| #define HAVE_INTTYPES_H 1
| #define HAVE_STDINT_H 1
| #define HAVE_UNISTD_H 1
| #define LSTAT_FOLLOWS_SLASHED_SYMLINK 1
| #define HAVE_STDLIB_H 1
| #define HAVE_MALLOC 1
| #define HAVE_STDLIB_H 1
| #define HAVE_REALLOC 1
| /* end confdefs.h.  */
| #include <stdio.h>
| #ifdef HAVE_SYS_TYPES_H
| # include <sys/types.h>
| #endif
| #ifdef HAVE_SYS_STAT_H
| # include <sys/stat.h>
| #endif
| #ifdef STDC_HEADERS
| # include <stdlib.h>
| # include <stddef.h>
| #else
| # ifdef HAVE_STDLIB_H
| #  include <stdlib.h>
| # endif
| #endif
| #ifdef HAVE_STRING_H
| # if !defined STDC_HEADERS && defined HAVE_MEMORY_H
| #  include <memory.h>
| # endif
| # include <string.h>
| #endif
| #ifdef HAVE_STRINGS_H
| # include <strings.h>
| #endif
| #ifdef HAVE_INTTYPES_H
| # include <inttypes.h>
| #endif
| #ifdef HAVE_STDINT_H
| # include <stdint.h>
| #endif
| #ifdef HAVE_UNISTD_H
| # include <unistd.h>
| #endif
| int
| main ()
| {
| if (sizeof ((mode_t)))
| 	    return 0;
|   ;
|   return 0;
| }
configure:5436: result: yes
configure:5447: checking for size_t
configure:5447: gcc -c -ansi -g -O2  conftest.c >&5
configure:5447: $? = 0
configure:5447: gcc -c -ansi -g -O2  conftest.c >&5
conftest.c: In function 'main':
conftest.c:61:21: error: expected expression before ')' token
 if (sizeof ((size_t)))
                     ^
configure:5447: $? = 1
configure: failed program was:
| /* confdefs.h */
| #define PACKAGE_NAME "XMLStarlet"
| #define PACKAGE_TARNAME "xmlstarlet"
| #define PACKAGE_VERSION "1.6.1"
| #define PACKAGE_STRING "XMLStarlet 1.6.1"
| #define PACKAGE_BUGREPORT "http://sourceforge.net/projects/xmlstar/support"
| #define PACKAGE_URL "http://xmlstar.sourceforge.net/"
| #define _XOPEN_SOURCE 500
| #define STDC_HEADERS 1
| #define HAVE_SYS_TYPES_H 1
| #define HAVE_SYS_STAT_H 1
| #define HAVE_STDLIB_H 1
| #define HAVE_STRING_H 1
| #define HAVE_MEMORY_H 1
| #define HAVE_STRINGS_H 1
| #define HAVE_INTTYPES_H 1
| #define HAVE_STDINT_H 1
| #define HAVE_UNISTD_H 1
| #define LSTAT_FOLLOWS_SLASHED_SYMLINK 1
| #define HAVE_STDLIB_H 1
| #define HAVE_MALLOC 1
| #define HAVE_STDLIB_H 1
| #define HAVE_REALLOC 1
| /* end confdefs.h.  */
| #include <stdio.h>
| #ifdef HAVE_SYS_TYPES_H
| # include <sys/types.h>
| #endif
| #ifdef HAVE_SYS_STAT_H
| # include <sys/stat.h>
| #endif
| #ifdef STDC_HEADERS
| # include <stdlib.h>
| # include <stddef.h>
| #else
| # ifdef HAVE_STDLIB_H
| #  include <stdlib.h>
| # endif
| #endif
| #ifdef HAVE_STRING_H
| # if !defined STDC_HEADERS && defined HAVE_MEMORY_H
| #  include <memory.h>
| # endif
| # include <string.h>
| #endif
| #ifdef HAVE_STRINGS_H
| # include <strings.h>
| #endif
| #ifdef HAVE_INTTYPES_H
| # include <inttypes.h>
| #endif
| #ifdef HAVE_STDINT_H
| # include <stdint.h>
| #endif
| #ifdef HAVE_UNISTD_H
| # include <unistd.h>
| #endif
| int
| main ()
| {
| if (sizeof ((size_t)))
| 	    return 0;
|   ;
|   return 0;
| }
configure:5447: result: yes
configure:6036: checking for lstat
configure:6036: gcc -o conftest -ansi -g -O2   conftest.c  >&5
configure:6036: $? = 0
configure:6036: result: yes
configure:6036: checking for stat
configure:6036: gcc -o conftest -ansi -g -O2   conftest.c  >&5
configure:6036: $? = 0
configure:6036: result: yes
configure:6036: checking for setmode
configure:6036: gcc -o conftest -ansi -g -O2   conftest.c  >&5
/usr/bin/ld: /tmp/ccXz9Se1.o: in function `main':
/home/dimitern/work/xmlstar/xmlstarlet/conftest.c:61: undefined reference to `setmode'
collect2: error: ld returned 1 exit status
configure:6036: $? = 1
configure: failed program was:
| /* confdefs.h */
| #define PACKAGE_NAME "XMLStarlet"
| #define PACKAGE_TARNAME "xmlstarlet"
| #define PACKAGE_VERSION "1.6.1"
| #define PACKAGE_STRING "XMLStarlet 1.6.1"
| #define PACKAGE_BUGREPORT "http://sourceforge.net/projects/xmlstar/support"
| #define PACKAGE_URL "http://xmlstar.sourceforge.net/"
| #define _XOPEN_SOURCE 500
| #define STDC_HEADERS 1
| #define HAVE_SYS_TYPES_H 1
| #define HAVE_SYS_STAT_H 1
| #define HAVE_STDLIB_H 1
| #define HAVE_STRING_H 1
| #define HAVE_MEMORY_H 1
| #define HAVE_STRINGS_H 1
| #define HAVE_INTTYPES_H 1
| #define HAVE_STDINT_H 1
| #define HAVE_UNISTD_H 1
| #define LSTAT_FOLLOWS_SLASHED_SYMLINK 1
| #define HAVE_STDLIB_H 1
| #define HAVE_MALLOC 1
| #define HAVE_STDLIB_H 1
| #define HAVE_REALLOC 1
| #define HAVE_LSTAT 1
| #define HAVE_STAT 1
| /* end confdefs.h.  */
| /* Define setmode to an innocuous variant, in case <limits.h> declares setmode.
|    For example, HP-UX 11i <limits.h> declares gettimeofday.  */
| #define setmode innocuous_setmode
| 
| /* System header to define __stub macros and hopefully few prototypes,
|     which can conflict with char setmode (); below.
|     Prefer <limits.h> to <assert.h> if __STDC__ is defined, since
|     <limits.h> exists even on freestanding compilers.  */
| 
| #ifdef __STDC__
| # include <limits.h>
| #else
| # include <assert.h>
| #endif
| 
| #undef setmode
| 
| /* Override any GCC internal prototype to avoid an error.
|    Use char because int might match the return type of a GCC
|    builtin and then its argument prototype would still apply.  */
| #ifdef __cplusplus
| extern "C"
| #endif
| char setmode ();
| /* The GNU C library defines this for functions which it implements
|     to always fail with ENOSYS.  Some functions are actually named
|     something starting with __ and the normal name is an alias.  */
| #if defined __stub_setmode || defined __stub___setmode
| choke me
| #endif
| 
| int
| main ()
| {
| return setmode ();
|   ;
|   return 0;
| }
configure:6036: result: no
configure:6051: checking whether O_BINARY is declared
configure:6051: gcc -c -ansi -g -O2  conftest.c >&5
conftest.c:28:10: fatal error: io.h: No such file or directory
 #include <io.h>
          ^~~~~~
compilation terminated.
configure:6051: $? = 1
configure: failed program was:
| /* confdefs.h */
| #define PACKAGE_NAME "XMLStarlet"
| #define PACKAGE_TARNAME "xmlstarlet"
| #define PACKAGE_VERSION "1.6.1"
| #define PACKAGE_STRING "XMLStarlet 1.6.1"
| #define PACKAGE_BUGREPORT "http://sourceforge.net/projects/xmlstar/support"
| #define PACKAGE_URL "http://xmlstar.sourceforge.net/"
| #define _XOPEN_SOURCE 500
| #define STDC_HEADERS 1
| #define HAVE_SYS_TYPES_H 1
| #define HAVE_SYS_STAT_H 1
| #define HAVE_STDLIB_H 1
| #define HAVE_STRING_H 1
| #define HAVE_MEMORY_H 1
| #define HAVE_STRINGS_H 1
| #define HAVE_INTTYPES_H 1
| #define HAVE_STDINT_H 1
| #define HAVE_UNISTD_H 1
| #define LSTAT_FOLLOWS_SLASHED_SYMLINK 1
| #define HAVE_STDLIB_H 1
| #define HAVE_MALLOC 1
| #define HAVE_STDLIB_H 1
| #define HAVE_REALLOC 1
| #define HAVE_LSTAT 1
| #define HAVE_STAT 1
| /* end confdefs.h.  */
| 
| #include <io.h>
| #include <fcntl.h>
| 
| 
| int
| main ()
| {
| #ifndef O_BINARY
| #ifdef __cplusplus
|   (void) O_BINARY;
| #else
|   (void) O_BINARY;
| #endif
| #endif
| 
|   ;
|   return 0;
| }
configure:6051: result: no
configure:6073: checking whether exsltDateXpathCtxtRegister is declared
configure:6073: gcc -c -ansi -g -O2 -I/usr/include -I/usr/include/libxml2  conftest.c >&5
configure:6073: $? = 0
configure:6073: result: yes
configure:6246: checking that generated files are newer than configure
configure:6252: result: done
configure:6307: creating ./config.status

## ---------------------- ##
## Running config.status. ##
## ---------------------- ##

This file was extended by XMLStarlet config.status 1.6.1, which was
generated by GNU Autoconf 2.69.  Invocation command line was

  CONFIG_FILES    = 
  CONFIG_HEADERS  = 
  CONFIG_LINKS    = 
  CONFIG_COMMANDS = 
  $ ./config.status 

on hitchcock

config.status:898: creating xmlstarlet.spec
config.status:898: creating Makefile
config.status:898: creating solaris/package/sol8-sparc/pkginfo
config.status:898: creating solaris/package/sol9-sparc/pkginfo
config.status:898: creating config.h
config.status:1079: config.h is unchanged
config.status:1127: executing depfiles commands

## ---------------- ##
## Cache variables. ##
## ---------------- ##

ac_cv_build=x86_64-unknown-linux-gnu
ac_cv_c_compiler_gnu=yes
ac_cv_env_CC_set=
ac_cv_env_CC_value=
ac_cv_env_CFLAGS_set=
ac_cv_env_CFLAGS_value=
ac_cv_env_CPPFLAGS_set=
ac_cv_env_CPPFLAGS_value=
ac_cv_env_CPP_set=
ac_cv_env_CPP_value=
ac_cv_env_LDFLAGS_set=
ac_cv_env_LDFLAGS_value=
ac_cv_env_LIBS_set=
ac_cv_env_LIBS_value=
ac_cv_env_build_alias_set=
ac_cv_env_build_alias_value=
ac_cv_env_host_alias_set=
ac_cv_env_host_alias_value=
ac_cv_env_target_alias_set=
ac_cv_env_target_alias_value=
ac_cv_func_lstat=yes
ac_cv_func_lstat_dereferences_slashed_symlink=yes
ac_cv_func_malloc_0_nonnull=yes
ac_cv_func_realloc_0_nonnull=yes
ac_cv_func_setmode=no
ac_cv_func_stat=yes
ac_cv_have_decl_O_BINARY=no
ac_cv_have_decl_exsltDateXpathCtxtRegister=yes
ac_cv_header_inttypes_h=yes
ac_cv_header_memory_h=yes
ac_cv_header_stdc=yes
ac_cv_header_stdint_h=yes
ac_cv_header_stdlib_h=yes
ac_cv_header_string_h=yes
ac_cv_header_strings_h=yes
ac_cv_header_sys_stat_h=yes
ac_cv_header_sys_types_h=yes
ac_cv_header_unistd_h=yes
ac_cv_host=x86_64-unknown-linux-gnu
ac_cv_objext=o
ac_cv_path_EGREP='/bin/grep -E'
ac_cv_path_GREP=/bin/grep
ac_cv_path_LIBXML_CONFIG=/usr/bin/xml2-config
ac_cv_path_LIBXSLT_CONFIG=/usr/bin/xslt-config
ac_cv_path_SED=/bin/sed
ac_cv_path_install='/usr/bin/install -c'
ac_cv_path_mkdir=/bin/mkdir
ac_cv_prog_AWK=gawk
ac_cv_prog_CPP='gcc -E'
ac_cv_prog_ac_ct_CC=gcc
ac_cv_prog_cc_c89=
ac_cv_prog_cc_g=yes
ac_cv_prog_make_make_set=yes
ac_cv_type_mode_t=yes
ac_cv_type_size_t=yes
am_cv_CC_dependencies_compiler_type=gcc3
am_cv_make_support_nested_variables=yes
am_cv_prog_cc_c_o=yes

## ----------------- ##
## Output variables. ##
## ----------------- ##

ACLOCAL='${SHELL} /home/dimitern/work/xmlstar/xmlstarlet/missing aclocal-1.14'
AMDEPBACKSLASH='\'
AMDEP_FALSE='#'
AMDEP_TRUE=''
AMTAR='$${TAR-tar}'
AM_BACKSLASH='\'
AM_CPPFLAGS='-I/usr/include -I/usr/include/libxml2'
AM_DEFAULT_V='$(AM_DEFAULT_VERBOSITY)'
AM_DEFAULT_VERBOSITY='0'
AM_LDFLAGS='-L/usr/lib -L/usr/lib'
AM_V='$(V)'
AUTOCONF='${SHELL} /home/dimitern/work/xmlstar/xmlstarlet/missing autoconf'
AUTOHEADER='${SHELL} /home/dimitern/work/xmlstar/xmlstarlet/missing autoheader'
AUTOMAKE='${SHELL} /home/dimitern/work/xmlstar/xmlstarlet/missing automake-1.14'
AWK='gawk'
BUILD_DOCS_FALSE=''
BUILD_DOCS_TRUE='#'
CC='gcc'
CCDEPMODE='depmode=gcc3'
CFLAGS='-ansi -g -O2'
CPP='gcc -E'
CPPFLAGS=''
CYGPATH_W='echo'
DEFS='-DHAVE_CONFIG_H'
DEPDIR='.deps'
ECHO_C=''
ECHO_N='-n'
ECHO_T=''
EGREP='/bin/grep -E'
EXEEXT=''
FOP=''
GCC_FALSE='#'
GCC_TRUE=''
GREP='/bin/grep'
HAVE_EXSLT_XPATH_REGISTER_FALSE='#'
HAVE_EXSLT_XPATH_REGISTER_TRUE=''
HAVE_FOP_FALSE=''
HAVE_FOP_TRUE='#'
HAVE_PDF2PS_FALSE=''
HAVE_PDF2PS_TRUE='#'
INSTALL_DATA='${INSTALL} -m 644'
INSTALL_PROGRAM='${INSTALL}'
INSTALL_SCRIPT='${INSTALL}'
INSTALL_STRIP_PROGRAM='$(install_sh) -c -s'
LDADD='-lexslt -lxslt -lxml2  '
LDFLAGS=''
LIBOBJS=''
LIBS=''
LIBXML_CONFIG='/usr/bin/xml2-config'
LIBXML_REQUIRED_VERSION='2.6.27'
LIBXSLT_CONFIG='/usr/bin/xslt-config'
LIBXSLT_REQUIRED_VERSION='1.1.9'
LTLIBOBJS=''
MAINT='#'
MAINTAINER_MODE_FALSE=''
MAINTAINER_MODE_TRUE='#'
MAKEINFO='${SHELL} /home/dimitern/work/xmlstar/xmlstarlet/missing makeinfo'
MKDIR_P='/bin/mkdir -p'
OBJEXT='o'
PACKAGE='xmlstarlet'
PACKAGE_BUGREPORT='http://sourceforge.net/projects/xmlstar/support'
PACKAGE_NAME='XMLStarlet'
PACKAGE_STRING='XMLStarlet 1.6.1'
PACKAGE_TARNAME='xmlstarlet'
PACKAGE_URL='http://xmlstar.sourceforge.net/'
PACKAGE_VERSION='1.6.1'
PATH_SEPARATOR=':'
PDF2PS=''
SED='/bin/sed'
SET_MAKE=''
SHELL='/bin/bash'
STRIP=''
VERSION='1.6.1'
V_DOCBOOK='$(V_DOCBOOK_$(V))'
V_DOCBOOK_0='@echo "  DBOOK	 $@";'
V_DOCBOOK_='$(V_DOCBOOK_0)'
V_FOP='$(V_FOP_$(V))'
V_FOP_0='@echo "  FOP	 $@";'
V_FOP_='$(V_FOP_0)'
XSLTPROC=''
ac_ct_CC='gcc'
am__EXEEXT_FALSE=''
am__EXEEXT_TRUE='#'
am__fastdepCC_FALSE='#'
am__fastdepCC_TRUE=''
am__include='include'
am__isrc=''
am__leading_dot='.'
am__nodep='_no'
am__quote=''
am__tar='$${TAR-tar} chof - "$$tardir"'
am__untar='$${TAR-tar} xf -'
bindir='${exec_prefix}/bin'
build='x86_64-unknown-linux-gnu'
build_alias=''
build_cpu='x86_64'
build_os='linux-gnu'
build_vendor='unknown'
datadir='${datarootdir}'
datarootdir='${prefix}/share'
docdir='${datarootdir}/doc/${PACKAGE_TARNAME}'
dvidir='${docdir}'
exec_prefix='${prefix}'
host='x86_64-unknown-linux-gnu'
host_alias=''
host_cpu='x86_64'
host_os='linux-gnu'
host_vendor='unknown'
htmldir='${docdir}'
includedir='${prefix}/include'
infodir='${datarootdir}/info'
install_sh='${SHELL} /home/dimitern/work/xmlstar/xmlstarlet/install-sh'
libdir='${exec_prefix}/lib'
libexecdir='${exec_prefix}/libexec'
localedir='${datarootdir}/locale'
localstatedir='${prefix}/var'
mandir='${datarootdir}/man'
mkdir_p='$(MKDIR_P)'
oldincludedir='/usr/include'
pdfdir='${docdir}'
prefix='/usr'
program_transform_name='s,x,x,'
psdir='${docdir}'
sbindir='${exec_prefix}/sbin'
sharedstatedir='${prefix}/com'
sysconfdir='${prefix}/etc'
target_alias=''

## ----------- ##
## confdefs.h. ##
## ----------- ##

/* confdefs.h */
#define PACKAGE_NAME "XMLStarlet"
#define PACKAGE_TARNAME "xmlstarlet"
#define PACKAGE_VERSION "1.6.1"
#define PACKAGE_STRING "XMLStarlet 1.6.1"
#define PACKAGE_BUGREPORT "http://sourceforge.net/projects/xmlstar/support"
#define PACKAGE_URL "http://xmlstar.sourceforge.net/"
#define _XOPEN_SOURCE 500
#define STDC_HEADERS 1
#define HAVE_SYS_TYPES_H 1
#define HAVE_SYS_STAT_H 1
#define HAVE_STDLIB_H 1
#define HAVE_STRING_H 1
#define HAVE_MEMORY_H 1
#define HAVE_STRINGS_H 1
#define HAVE_INTTYPES_H 1
#define HAVE_STDINT_H 1
#define HAVE_UNISTD_H 1
#define LSTAT_FOLLOWS_SLASHED_SYMLINK 1
#define HAVE_STDLIB_H 1
#define HAVE_MALLOC 1
#define HAVE_STDLIB_H 1
#define HAVE_REALLOC 1
#define HAVE_LSTAT 1
#define HAVE_STAT 1
#define HAVE_DECL_O_BINARY 0
#define HAVE_EXSLT_XPATH_REGISTER 1

configure: exit 0
